2018/01/12 12:43:43 [error] [exception.CException] exception 'CException' with message 'Please configure the "password" property of the "gii" module.' in C:\OSPanel\domains\alina1.dev\framework\gii\components\UserIdentity.php:14
Stack trace:
#0 C:\OSPanel\domains\alina1.dev\framework\gii\models\LoginForm.php(28): UserIdentity->authenticate()
#1 C:\OSPanel\domains\alina1.dev\framework\validators\CInlineValidator.php(42): LoginForm->authenticate('password', Array)
#2 C:\OSPanel\domains\alina1.dev\framework\validators\CValidator.php(201): CInlineValidator->validateAttribute(Object(LoginForm), 'password')
#3 C:\OSPanel\domains\alina1.dev\framework\base\CModel.php(159): CValidator->validate(Object(LoginForm), NULL)
#4 C:\OSPanel\domains\alina1.dev\framework\gii\controllers\DefaultController.php(43): CModel->validate()
#5 C:\OSPanel\domains\alina1.dev\framework\web\actions\CInlineAction.php(49): DefaultController->actionLogin()
#6 C:\OSPanel\domains\alina1.dev\framework\web\CController.php(308): CInlineAction->runWithParams(Array)
#7 C:\OSPanel\domains\alina1.dev\framework\web\CController.php(286): CController->runAction(Object(CInlineAction))
#8 C:\OSPanel\domains\alina1.dev\framework\web\CController.php(265): CController->runActionWithFilters(Object(CInlineAction), Array)
#9 C:\OSPanel\domains\alina1.dev\framework\web\CWebApplication.php(282): CController->run('login')
#10 C:\OSPanel\domains\alina1.dev\framework\web\CWebApplication.php(141): CWebApplication->runController('gii/default/log...')
#11 C:\OSPanel\domains\alina1.dev\framework\base\CApplication.php(185): CWebApplication->processRequest()
#12 C:\OSPanel\domains\alina1.dev\alina\index.php(13): CApplication->run()
#13 {main}
REQUEST_URI=/alina/index.php/gii/default/login
HTTP_REFERER=http://alina1.index/alina/index.php/gii/default/login
---
2018/01/12 13:13:02 [error] [system.db.CDbCommand] CDbCommand::fetchAll() failed: SQLSTATE[42S02]: Base table or view not found: 1146 Table 'candidate.tbl_migration' doesn't exist. The SQL statement executed was: SHOW FULL COLUMNS FROM `tbl_migration`.
2018/01/12 13:30:28 [error] [php] Object of class CGridView could not be converted to string (C:\OSPanel\domains\alina1.dev\alina\protected\views\site\user-list.php:11)
Stack trace:
#0 C:\OSPanel\domains\alina1.dev\framework\web\CController.php(872): SiteController->renderFile()
#1 C:\OSPanel\domains\alina1.dev\framework\web\CController.php(785): SiteController->renderPartial()
#2 C:\OSPanel\domains\alina1.dev\alina\protected\controllers\SiteController.php(38): SiteController->render()
#3 C:\OSPanel\domains\alina1.dev\framework\web\actions\CInlineAction.php(49): SiteController->actionUsers()
#4 C:\OSPanel\domains\alina1.dev\framework\web\CController.php(308): CInlineAction->runWithParams()
#5 C:\OSPanel\domains\alina1.dev\framework\web\CController.php(286): SiteController->runAction()
#6 C:\OSPanel\domains\alina1.dev\framework\web\CController.php(265): SiteController->runActionWithFilters()
#7 C:\OSPanel\domains\alina1.dev\framework\web\CWebApplication.php(282): SiteController->run()
#8 C:\OSPanel\domains\alina1.dev\framework\web\CWebApplication.php(141): CWebApplication->runController()
#9 C:\OSPanel\domains\alina1.dev\framework\base\CApplication.php(185): CWebApplication->processRequest()
#10 C:\OSPanel\domains\alina1.dev\alina\index.php(13): CWebApplication->run()
REQUEST_URI=/alina/admin
in C:\OSPanel\domains\alina1.dev\alina\protected\views\site\user-list.php (11)
in C:\OSPanel\domains\alina1.dev\alina\protected\controllers\SiteController.php (38)
in C:\OSPanel\domains\alina1.dev\alina\index.php (13)
2018/01/12 13:35:16 [error] [exception.CHttpException.404] exception 'CHttpException' with message 'Unable to resolve the request "admin/admin".' in C:\OSPanel\domains\alina1.dev\framework\web\CWebApplication.php:286
Stack trace:
#0 C:\OSPanel\domains\alina1.dev\framework\web\CWebApplication.php(141): CWebApplication->runController('admin/admin')
#1 C:\OSPanel\domains\alina1.dev\framework\base\CApplication.php(185): CWebApplication->processRequest()
#2 C:\OSPanel\domains\alina1.dev\alina\index.php(13): CApplication->run()
#3 {main}
REQUEST_URI=/alina/admin/admin
---
2018/01/12 22:59:53 [error] [exception.CException] exception 'CException' with message 'CHttpRequest and its behaviors do not have a method or closure named "getAjaxRequest".' in C:\OSPanel\domains\alina1.dev\framework\base\CComponent.php:266
Stack trace:
#0 C:\OSPanel\domains\alina1.dev\alina\protected\controllers\UserController.php(96): CComponent->__call('getAjaxRequest', Array)
#1 C:\OSPanel\domains\alina1.dev\alina\protected\controllers\UserController.php(96): CHttpRequest->getAjaxRequest()
#2 [internal function]: UserController->actionUpdate('1')
#3 C:\OSPanel\domains\alina1.dev\framework\web\actions\CAction.php(109): ReflectionMethod->invokeArgs(Object(UserController), Array)
#4 C:\OSPanel\domains\alina1.dev\framework\web\actions\CInlineAction.php(47): CAction->runWithParamsInternal(Object(UserController), Object(ReflectionMethod), Array)
#5 C:\OSPanel\domains\alina1.dev\framework\web\CController.php(308): CInlineAction->runWithParams(Array)
#6 C:\OSPanel\domains\alina1.dev\framework\web\filters\CFilterChain.php(134): CController->runAction(Object(CInlineAction))
#7 C:\OSPanel\domains\alina1.dev\framework\web\filters\CFilter.php(40): CFilterChain->run()
#8 C:\OSPanel\domains\alina1.dev\framework\web\CController.php(1148): CFilter->filter(Object(CFilterChain))
#9 C:\OSPanel\domains\alina1.dev\framework\web\filters\CInlineFilter.php(58): CController->filterAccessControl(Object(CFilterChain))
#10 C:\OSPanel\domains\alina1.dev\framework\web\filters\CFilterChain.php(131): CInlineFilter->filter(Object(CFilterChain))
#11 C:\OSPanel\domains\alina1.dev\framework\web\CController.php(291): CFilterChain->run()
#12 C:\OSPanel\domains\alina1.dev\framework\web\CController.php(265): CController->runActionWithFilters(Object(CInlineAction), Array)
#13 C:\OSPanel\domains\alina1.dev\framework\web\CWebApplication.php(282): CController->run('update')
#14 C:\OSPanel\domains\alina1.dev\framework\web\CWebApplication.php(141): CWebApplication->runController('user/update')
#15 C:\OSPanel\domains\alina1.dev\framework\base\CApplication.php(185): CWebApplication->processRequest()
#16 C:\OSPanel\domains\alina1.dev\alina\index.php(13): CApplication->run()
#17 {main}
REQUEST_URI=/alina/user/update/1
HTTP_REFERER=http://alina1.index/alina/user/admin
---
2018/01/12 23:00:34 [error] [exception.CException] exception 'CException' with message 'CHttpRequest and its behaviors do not have a method or closure named "getAjaxRequest".' in C:\OSPanel\domains\alina1.dev\framework\base\CComponent.php:266
Stack trace:
#0 C:\OSPanel\domains\alina1.dev\alina\protected\controllers\UserController.php(96): CComponent->__call('getAjaxRequest', Array)
#1 C:\OSPanel\domains\alina1.dev\alina\protected\controllers\UserController.php(96): CHttpRequest->getAjaxRequest()
#2 [internal function]: UserController->actionUpdate('1')
#3 C:\OSPanel\domains\alina1.dev\framework\web\actions\CAction.php(109): ReflectionMethod->invokeArgs(Object(UserController), Array)
#4 C:\OSPanel\domains\alina1.dev\framework\web\actions\CInlineAction.php(47): CAction->runWithParamsInternal(Object(UserController), Object(ReflectionMethod), Array)
#5 C:\OSPanel\domains\alina1.dev\framework\web\CController.php(308): CInlineAction->runWithParams(Array)
#6 C:\OSPanel\domains\alina1.dev\framework\web\filters\CFilterChain.php(134): CController->runAction(Object(CInlineAction))
#7 C:\OSPanel\domains\alina1.dev\framework\web\filters\CFilter.php(40): CFilterChain->run()
#8 C:\OSPanel\domains\alina1.dev\framework\web\CController.php(1148): CFilter->filter(Object(CFilterChain))
#9 C:\OSPanel\domains\alina1.dev\framework\web\filters\CInlineFilter.php(58): CController->filterAccessControl(Object(CFilterChain))
#10 C:\OSPanel\domains\alina1.dev\framework\web\filters\CFilterChain.php(131): CInlineFilter->filter(Object(CFilterChain))
#11 C:\OSPanel\domains\alina1.dev\framework\web\CController.php(291): CFilterChain->run()
#12 C:\OSPanel\domains\alina1.dev\framework\web\CController.php(265): CController->runActionWithFilters(Object(CInlineAction), Array)
#13 C:\OSPanel\domains\alina1.dev\framework\web\CWebApplication.php(282): CController->run('update')
#14 C:\OSPanel\domains\alina1.dev\framework\web\CWebApplication.php(141): CWebApplication->runController('user/update')
#15 C:\OSPanel\domains\alina1.dev\framework\base\CApplication.php(185): CWebApplication->processRequest()
#16 C:\OSPanel\domains\alina1.dev\alina\index.php(13): CApplication->run()
#17 {main}
REQUEST_URI=/alina/user/update/1
HTTP_REFERER=http://alina1.index/alina/user/admin
---
2018/01/12 23:05:24 [error] [exception.CException] exception 'CException' with message 'CHttpRequest and its behaviors do not have a method or closure named "getAjaxRequest".' in C:\OSPanel\domains\alina1.dev\framework\base\CComponent.php:266
Stack trace:
#0 C:\OSPanel\domains\alina1.dev\alina\protected\controllers\UserController.php(96): CComponent->__call('getAjaxRequest', Array)
#1 C:\OSPanel\domains\alina1.dev\alina\protected\controllers\UserController.php(96): CHttpRequest->getAjaxRequest()
#2 [internal function]: UserController->actionUpdate('1')
#3 C:\OSPanel\domains\alina1.dev\framework\web\actions\CAction.php(109): ReflectionMethod->invokeArgs(Object(UserController), Array)
#4 C:\OSPanel\domains\alina1.dev\framework\web\actions\CInlineAction.php(47): CAction->runWithParamsInternal(Object(UserController), Object(ReflectionMethod), Array)
#5 C:\OSPanel\domains\alina1.dev\framework\web\CController.php(308): CInlineAction->runWithParams(Array)
#6 C:\OSPanel\domains\alina1.dev\framework\web\filters\CFilterChain.php(134): CController->runAction(Object(CInlineAction))
#7 C:\OSPanel\domains\alina1.dev\framework\web\filters\CFilter.php(40): CFilterChain->run()
#8 C:\OSPanel\domains\alina1.dev\framework\web\CController.php(1148): CFilter->filter(Object(CFilterChain))
#9 C:\OSPanel\domains\alina1.dev\framework\web\filters\CInlineFilter.php(58): CController->filterAccessControl(Object(CFilterChain))
#10 C:\OSPanel\domains\alina1.dev\framework\web\filters\CFilterChain.php(131): CInlineFilter->filter(Object(CFilterChain))
#11 C:\OSPanel\domains\alina1.dev\framework\web\CController.php(291): CFilterChain->run()
#12 C:\OSPanel\domains\alina1.dev\framework\web\CController.php(265): CController->runActionWithFilters(Object(CInlineAction), Array)
#13 C:\OSPanel\domains\alina1.dev\framework\web\CWebApplication.php(282): CController->run('update')
#14 C:\OSPanel\domains\alina1.dev\framework\web\CWebApplication.php(141): CWebApplication->runController('user/update')
#15 C:\OSPanel\domains\alina1.dev\framework\base\CApplication.php(185): CWebApplication->processRequest()
#16 C:\OSPanel\domains\alina1.dev\alina\index.php(13): CApplication->run()
#17 {main}
REQUEST_URI=/alina/user/update/1
HTTP_REFERER=http://alina1.index/alina/admin
---
2018/01/12 23:05:27 [error] [exception.CException] exception 'CException' with message 'CHttpRequest and its behaviors do not have a method or closure named "getAjaxRequest".' in C:\OSPanel\domains\alina1.dev\framework\base\CComponent.php:266
Stack trace:
#0 C:\OSPanel\domains\alina1.dev\alina\protected\controllers\UserController.php(96): CComponent->__call('getAjaxRequest', Array)
#1 C:\OSPanel\domains\alina1.dev\alina\protected\controllers\UserController.php(96): CHttpRequest->getAjaxRequest()
#2 [internal function]: UserController->actionUpdate('1')
#3 C:\OSPanel\domains\alina1.dev\framework\web\actions\CAction.php(109): ReflectionMethod->invokeArgs(Object(UserController), Array)
#4 C:\OSPanel\domains\alina1.dev\framework\web\actions\CInlineAction.php(47): CAction->runWithParamsInternal(Object(UserController), Object(ReflectionMethod), Array)
#5 C:\OSPanel\domains\alina1.dev\framework\web\CController.php(308): CInlineAction->runWithParams(Array)
#6 C:\OSPanel\domains\alina1.dev\framework\web\filters\CFilterChain.php(134): CController->runAction(Object(CInlineAction))
#7 C:\OSPanel\domains\alina1.dev\framework\web\filters\CFilter.php(40): CFilterChain->run()
#8 C:\OSPanel\domains\alina1.dev\framework\web\CController.php(1148): CFilter->filter(Object(CFilterChain))
#9 C:\OSPanel\domains\alina1.dev\framework\web\filters\CInlineFilter.php(58): CController->filterAccessControl(Object(CFilterChain))
#10 C:\OSPanel\domains\alina1.dev\framework\web\filters\CFilterChain.php(131): CInlineFilter->filter(Object(CFilterChain))
#11 C:\OSPanel\domains\alina1.dev\framework\web\CController.php(291): CFilterChain->run()
#12 C:\OSPanel\domains\alina1.dev\framework\web\CController.php(265): CController->runActionWithFilters(Object(CInlineAction), Array)
#13 C:\OSPanel\domains\alina1.dev\framework\web\CWebApplication.php(282): CController->run('update')
#14 C:\OSPanel\domains\alina1.dev\framework\web\CWebApplication.php(141): CWebApplication->runController('user/update')
#15 C:\OSPanel\domains\alina1.dev\framework\base\CApplication.php(185): CWebApplication->processRequest()
#16 C:\OSPanel\domains\alina1.dev\alina\index.php(13): CApplication->run()
#17 {main}
REQUEST_URI=/alina/user/update/1
HTTP_REFERER=http://alina1.index/alina/admin
---
2018/01/13 10:35:17 [error] [exception.CException] exception 'CException' with message 'There is no CClientScript package: bootstrap' in C:\OSPanel\domains\alina1.dev\framework\web\CClientScript.php:622
Stack trace:
#0 C:\OSPanel\domains\alina1.dev\alina\protected\views\layouts\main.php(65): CClientScript->registerCoreScript('bootstrap')
#1 C:\OSPanel\domains\alina1.dev\framework\web\CBaseController.php(126): require('C:\\OSPanel\\doma...')
#2 C:\OSPanel\domains\alina1.dev\framework\web\CBaseController.php(95): CBaseController->renderInternal('C:\\OSPanel\\doma...', Array, true)
#3 C:\OSPanel\domains\alina1.dev\framework\web\widgets\CContentDecorator.php(76): CBaseController->renderFile('C:\\OSPanel\\doma...', Array, true)
#4 C:\OSPanel\domains\alina1.dev\framework\web\widgets\CContentDecorator.php(54): CContentDecorator->decorate('<div class="spa...')
#5 C:\OSPanel\domains\alina1.dev\framework\web\widgets\COutputProcessor.php(44): CContentDecorator->processOutput('<div class="spa...')
#6 C:\OSPanel\domains\alina1.dev\framework\web\CBaseController.php(215): COutputProcessor->run()
#7 C:\OSPanel\domains\alina1.dev\framework\web\CBaseController.php(309): CBaseController->endWidget('CContentDecorat...')
#8 C:\OSPanel\domains\alina1.dev\alina\protected\views\layouts\column2.php(22): CBaseController->endContent()
#9 C:\OSPanel\domains\alina1.dev\framework\web\CBaseController.php(126): require('C:\\OSPanel\\doma...')
#10 C:\OSPanel\domains\alina1.dev\framework\web\CBaseController.php(95): CBaseController->renderInternal('C:\\OSPanel\\doma...', Array, true)
#11 C:\OSPanel\domains\alina1.dev\framework\web\CController.php(787): CBaseController->renderFile('C:\\OSPanel\\doma...', Array, true)
#12 C:\OSPanel\domains\alina1.dev\alina\protected\controllers\UserController.php(141): CController->render('admin', Array)
#13 C:\OSPanel\domains\alina1.dev\framework\web\actions\CInlineAction.php(49): UserController->actionAdmin()
#14 C:\OSPanel\domains\alina1.dev\framework\web\CController.php(308): CInlineAction->runWithParams(Array)
#15 C:\OSPanel\domains\alina1.dev\framework\web\filters\CFilterChain.php(134): CController->runAction(Object(CInlineAction))
#16 C:\OSPanel\domains\alina1.dev\framework\web\filters\CFilter.php(40): CFilterChain->run()
#17 C:\OSPanel\domains\alina1.dev\framework\web\CController.php(1148): CFilter->filter(Object(CFilterChain))
#18 C:\OSPanel\domains\alina1.dev\framework\web\filters\CInlineFilter.php(58): CController->filterAccessControl(Object(CFilterChain))
#19 C:\OSPanel\domains\alina1.dev\framework\web\filters\CFilterChain.php(131): CInlineFilter->filter(Object(CFilterChain))
#20 C:\OSPanel\domains\alina1.dev\framework\web\CController.php(291): CFilterChain->run()
#21 C:\OSPanel\domains\alina1.dev\framework\web\CController.php(265): CController->runActionWithFilters(Object(CInlineAction), Array)
#22 C:\OSPanel\domains\alina1.dev\framework\web\CWebApplication.php(282): CController->run('admin')
#23 C:\OSPanel\domains\alina1.dev\framework\web\CWebApplication.php(141): CWebApplication->runController('user/admin')
#24 C:\OSPanel\domains\alina1.dev\framework\base\CApplication.php(185): CWebApplication->processRequest()
#25 C:\OSPanel\domains\alina1.dev\alina\index.php(13): CApplication->run()
#26 {main}
REQUEST_URI=/alina/user/admin
HTTP_REFERER=http://alina1.index/alina/site/login
---
2018/01/13 10:36:12 [error] [exception.CException] exception 'CException' with message 'There is no CClientScript package: bs3' in C:\OSPanel\domains\alina1.dev\framework\web\CClientScript.php:622
Stack trace:
#0 C:\OSPanel\domains\alina1.dev\alina\protected\views\layouts\main.php(65): CClientScript->registerCoreScript('bs3')
#1 C:\OSPanel\domains\alina1.dev\framework\web\CBaseController.php(126): require('C:\\OSPanel\\doma...')
#2 C:\OSPanel\domains\alina1.dev\framework\web\CBaseController.php(95): CBaseController->renderInternal('C:\\OSPanel\\doma...', Array, true)
#3 C:\OSPanel\domains\alina1.dev\framework\web\widgets\CContentDecorator.php(76): CBaseController->renderFile('C:\\OSPanel\\doma...', Array, true)
#4 C:\OSPanel\domains\alina1.dev\framework\web\widgets\CContentDecorator.php(54): CContentDecorator->decorate('<div class="spa...')
#5 C:\OSPanel\domains\alina1.dev\framework\web\widgets\COutputProcessor.php(44): CContentDecorator->processOutput('<div class="spa...')
#6 C:\OSPanel\domains\alina1.dev\framework\web\CBaseController.php(215): COutputProcessor->run()
#7 C:\OSPanel\domains\alina1.dev\framework\web\CBaseController.php(309): CBaseController->endWidget('CContentDecorat...')
#8 C:\OSPanel\domains\alina1.dev\alina\protected\views\layouts\column2.php(22): CBaseController->endContent()
#9 C:\OSPanel\domains\alina1.dev\framework\web\CBaseController.php(126): require('C:\\OSPanel\\doma...')
#10 C:\OSPanel\domains\alina1.dev\framework\web\CBaseController.php(95): CBaseController->renderInternal('C:\\OSPanel\\doma...', Array, true)
#11 C:\OSPanel\domains\alina1.dev\framework\web\CController.php(787): CBaseController->renderFile('C:\\OSPanel\\doma...', Array, true)
#12 C:\OSPanel\domains\alina1.dev\alina\protected\controllers\UserController.php(141): CController->render('admin', Array)
#13 C:\OSPanel\domains\alina1.dev\framework\web\actions\CInlineAction.php(49): UserController->actionAdmin()
#14 C:\OSPanel\domains\alina1.dev\framework\web\CController.php(308): CInlineAction->runWithParams(Array)
#15 C:\OSPanel\domains\alina1.dev\framework\web\filters\CFilterChain.php(134): CController->runAction(Object(CInlineAction))
#16 C:\OSPanel\domains\alina1.dev\framework\web\filters\CFilter.php(40): CFilterChain->run()
#17 C:\OSPanel\domains\alina1.dev\framework\web\CController.php(1148): CFilter->filter(Object(CFilterChain))
#18 C:\OSPanel\domains\alina1.dev\framework\web\filters\CInlineFilter.php(58): CController->filterAccessControl(Object(CFilterChain))
#19 C:\OSPanel\domains\alina1.dev\framework\web\filters\CFilterChain.php(131): CInlineFilter->filter(Object(CFilterChain))
#20 C:\OSPanel\domains\alina1.dev\framework\web\CController.php(291): CFilterChain->run()
#21 C:\OSPanel\domains\alina1.dev\framework\web\CController.php(265): CController->runActionWithFilters(Object(CInlineAction), Array)
#22 C:\OSPanel\domains\alina1.dev\framework\web\CWebApplication.php(282): CController->run('admin')
#23 C:\OSPanel\domains\alina1.dev\framework\web\CWebApplication.php(141): CWebApplication->runController('user/admin')
#24 C:\OSPanel\domains\alina1.dev\framework\base\CApplication.php(185): CWebApplication->processRequest()
#25 C:\OSPanel\domains\alina1.dev\alina\index.php(13): CApplication->run()
#26 {main}
REQUEST_URI=/alina/user/admin
HTTP_REFERER=http://alina1.index/alina/site/login
---
2018/01/13 10:37:34 [error] [exception.CHttpException.404] exception 'CHttpException' with message 'Unable to resolve the request "assets/ab3c1d39//js/bootstrap.min.js".' in C:\OSPanel\domains\alina1.dev\framework\web\CWebApplication.php:286
Stack trace:
#0 C:\OSPanel\domains\alina1.dev\framework\web\CWebApplication.php(141): CWebApplication->runController('assets/ab3c1d39...')
#1 C:\OSPanel\domains\alina1.dev\framework\base\CApplication.php(185): CWebApplication->processRequest()
#2 C:\OSPanel\domains\alina1.dev\alina\index.php(13): CApplication->run()
#3 {main}
REQUEST_URI=/alina/assets/ab3c1d39//js/bootstrap.min.js
HTTP_REFERER=http://alina1.index/alina/user/admin
---
2018/01/13 10:39:22 [error] [exception.CHttpException.404] exception 'CHttpException' with message 'Unable to resolve the request "assets/ab3c1d39/js/bootstrap.min.js".' in C:\OSPanel\domains\alina1.dev\framework\web\CWebApplication.php:286
Stack trace:
#0 C:\OSPanel\domains\alina1.dev\framework\web\CWebApplication.php(141): CWebApplication->runController('assets/ab3c1d39...')
#1 C:\OSPanel\domains\alina1.dev\framework\base\CApplication.php(185): CWebApplication->processRequest()
#2 C:\OSPanel\domains\alina1.dev\alina\index.php(13): CApplication->run()
#3 {main}
REQUEST_URI=/alina/assets/ab3c1d39/js/bootstrap.min.js
HTTP_REFERER=http://alina1.index/alina/user/admin
---
2018/01/13 10:39:23 [error] [exception.CHttpException.404] exception 'CHttpException' with message 'Unable to resolve the request "assets/ab3c1d39/js/bootstrap.min.js".' in C:\OSPanel\domains\alina1.dev\framework\web\CWebApplication.php:286
Stack trace:
#0 C:\OSPanel\domains\alina1.dev\framework\web\CWebApplication.php(141): CWebApplication->runController('assets/ab3c1d39...')
#1 C:\OSPanel\domains\alina1.dev\framework\base\CApplication.php(185): CWebApplication->processRequest()
#2 C:\OSPanel\domains\alina1.dev\alina\index.php(13): CApplication->run()
#3 {main}
REQUEST_URI=/alina/assets/ab3c1d39/js/bootstrap.min.js
HTTP_REFERER=http://alina1.index/alina/user/admin
---
2018/01/13 10:39:40 [error] [exception.CHttpException.404] exception 'CHttpException' with message 'Unable to resolve the request "assets/ab3c1d39/bootstrap.min.js".' in C:\OSPanel\domains\alina1.dev\framework\web\CWebApplication.php:286
Stack trace:
#0 C:\OSPanel\domains\alina1.dev\framework\web\CWebApplication.php(141): CWebApplication->runController('assets/ab3c1d39...')
#1 C:\OSPanel\domains\alina1.dev\framework\base\CApplication.php(185): CWebApplication->processRequest()
#2 C:\OSPanel\domains\alina1.dev\alina\index.php(13): CApplication->run()
#3 {main}
REQUEST_URI=/alina/assets/ab3c1d39/bootstrap.min.js
HTTP_REFERER=http://alina1.index/alina/user/admin
---
2018/01/13 10:39:40 [error] [exception.CHttpException.404] exception 'CHttpException' with message 'Unable to resolve the request "assets/ab3c1d39/bootstrap.min.js".' in C:\OSPanel\domains\alina1.dev\framework\web\CWebApplication.php:286
Stack trace:
#0 C:\OSPanel\domains\alina1.dev\framework\web\CWebApplication.php(141): CWebApplication->runController('assets/ab3c1d39...')
#1 C:\OSPanel\domains\alina1.dev\framework\base\CApplication.php(185): CWebApplication->processRequest()
#2 C:\OSPanel\domains\alina1.dev\alina\index.php(13): CApplication->run()
#3 {main}
REQUEST_URI=/alina/assets/ab3c1d39/bootstrap.min.js
HTTP_REFERER=http://alina1.index/alina/user/admin
---
2018/01/13 10:49:46 [error] [exception.CHttpException.404] exception 'CHttpException' with message 'Unable to resolve the request "bs3/bootstrap.min.css.map".' in C:\OSPanel\domains\alina1.dev\framework\web\CWebApplication.php:286
Stack trace:
#0 C:\OSPanel\domains\alina1.dev\framework\web\CWebApplication.php(141): CWebApplication->runController('bs3/bootstrap.m...')
#1 C:\OSPanel\domains\alina1.dev\framework\base\CApplication.php(185): CWebApplication->processRequest()
#2 C:\OSPanel\domains\alina1.dev\alina\index.php(13): CApplication->run()
#3 {main}
REQUEST_URI=/alina/bs3/bootstrap.min.css.map
---
2018/01/13 11:01:53 [error] [exception.CHttpException.404] exception 'CHttpException' with message 'Unable to resolve the request "bs3/bootstrap.min.css.map".' in C:\OSPanel\domains\alina1.dev\framework\web\CWebApplication.php:286
Stack trace:
#0 C:\OSPanel\domains\alina1.dev\framework\web\CWebApplication.php(141): CWebApplication->runController('bs3/bootstrap.m...')
#1 C:\OSPanel\domains\alina1.dev\framework\base\CApplication.php(185): CWebApplication->processRequest()
#2 C:\OSPanel\domains\alina1.dev\alina\index.php(13): CApplication->run()
#3 {main}
REQUEST_URI=/alina/bs3/bootstrap.min.css.map
---
2018/01/13 11:03:38 [error] [exception.CHttpException.404] exception 'CHttpException' with message 'Unable to resolve the request "bs3/bootstrap.min.css.map".' in C:\OSPanel\domains\alina1.dev\framework\web\CWebApplication.php:286
Stack trace:
#0 C:\OSPanel\domains\alina1.dev\framework\web\CWebApplication.php(141): CWebApplication->runController('bs3/bootstrap.m...')
#1 C:\OSPanel\domains\alina1.dev\framework\base\CApplication.php(185): CWebApplication->processRequest()
#2 C:\OSPanel\domains\alina1.dev\alina\index.php(13): CApplication->run()
#3 {main}
REQUEST_URI=/alina/bs3/bootstrap.min.css.map
---
